app/seeds.txt
com.example.coolweather.WeatherActivity
com.example.coolweather.ChooseAreaFragment
com.example.coolweather.ChooseAreaFragment$1
com.example.coolweather.service.AutoUpdateService
com.example.coolweather.WeatherActivity$1
com.example.coolweather.ChooseAreaFragment$2
com.example.coolweather.MainActivity
com.example.coolweather.WeatherActivity: android.widget.TextView carWashText
com.example.coolweather.WeatherActivity: android.widget.TextView pm25Text
com.example.coolweather.WeatherActivity: android.widget.TextView comfortText
com.example.coolweather.ChooseAreaFragment$1: com.example.coolweather.ChooseAreaFragment this$0
com.example.coolweather.WeatherActivity: android.widget.ScrollView weatherLayout
com.example.coolweather.ChooseAreaFragment: android.widget.TextView titleText
com.example.coolweather.WeatherActivity: android.widget.LinearLayout forecastLayout
com.example.coolweather.WeatherActivity: android.widget.TextView sportText
com.example.coolweather.WeatherActivity: android.widget.TextView aqiText
com.example.coolweather.WeatherActivity$1: com.example.coolweather.WeatherActivity this$0
com.example.coolweather.WeatherActivity: android.widget.ImageView bingPicImg
com.example.coolweather.ChooseAreaFragment: int LEVEL_COUNTY
com.example.coolweather.WeatherActivity: android.widget.TextView degreeText
com.example.coolweather.ChooseAreaFragment: java.util.List dataList
com.example.coolweather.ChooseAreaFragment: java.util.List cityList
com.example.coolweather.ChooseAreaFragment: int LEVEL_CITY
com.example.coolweather.WeatherActivity: android.widget.Button navButton
com.example.coolweather.ChooseAreaFragment$2: com.example.coolweather.ChooseAreaFragment this$0
com.example.coolweather.ChooseAreaFragment: int currentLevel
com.example.coolweather.ChooseAreaFragment: com.example.coolweather.db.Province selectedProvince
com.example.coolweather.WeatherActivity: androidx.swiperefreshlayout.widget.SwipeRefreshLayout swipeRefreshLayout
com.example.coolweather.ChooseAreaFragment: int LEVEL_PROVINCE
com.example.coolweather.ChooseAreaFragment: com.example.coolweather.db.City selectedCity
com.example.coolweather.ChooseAreaFragment: java.util.List countyList
com.example.coolweather.WeatherActivity: android.widget.TextView titleCity
com.example.coolweather.ChooseAreaFragment: android.widget.ListView listView
com.example.coolweather.WeatherActivity: android.widget.TextView weatherInfoText
com.example.coolweather.ChooseAreaFragment: java.util.List provinceList
com.example.coolweather.WeatherActivity: android.widget.TextView titleUpdateTime
com.example.coolweather.WeatherActivity: androidx.drawerlayout.widget.DrawerLayout drawerLayout
com.example.coolweather.WeatherActivity: java.lang.String weatherId
com.example.coolweather.ChooseAreaFragment: android.widget.Button backButton
com.example.coolweather.ChooseAreaFragment: android.app.ProgressDialog progressDialog
com.example.coolweather.ChooseAreaFragment: android.widget.ArrayAdapter adapter
com.example.coolweather.ChooseAreaFragment: int access$000(com.example.coolweather.ChooseAreaFragment)
com.example.coolweather.ChooseAreaFragment: ChooseAreaFragment()
com.example.coolweather.WeatherActivity: android.widget.ImageView access$200(com.example.coolweather.WeatherActivity)
com.example.coolweather.ChooseAreaFragment: void access$900(com.example.coolweather.ChooseAreaFragment)
com.example.coolweather.ChooseAreaFragment: void queryCounties()
com.example.coolweather.ChooseAreaFragment: com.example.coolweather.db.City access$402(com.example.coolweather.ChooseAreaFragment,com.example.coolweather.db.City)
com.example.coolweather.ChooseAreaFragment: java.util.List access$700(com.example.coolweather.ChooseAreaFragment)
com.example.coolweather.WeatherActivity: void showWeatherInfo(com.example.coolweather.gson.Weather)
com.example.coolweather.WeatherActivity: void loadBingPic()
com.example.coolweather.ChooseAreaFragment: void queryCities()
...
com.google.android.material.internal.CheckableImageButton$SavedState: boolean checked
androidx.appcompat.widget.ActionBarOverlayLayout: android.graphics.Rect mLastBaseContentInsets
androidx.swiperefreshlayout.widget.SwipeRefreshLayout: androidx.core.view.NestedScrollingChildHelper mNestedScrollingChildHelper
androidx.constraintlayout.helper.widget.MotionEffect: boolean motionEffectStrictMove
android.support.v4.app.INotificationSideChannel$Stub$Proxy: android.support.v4.app.INotificationSideChannel sDefaultImpl
androidx.fragment.app.Fragment: androidx.lifecycle.Lifecycle$State mMaxState
com.google.android.material.bottomappbar.BottomAppBar: java.util.ArrayList animationListeners
com.google.android.material.appbar.MaterialToolbar: java.lang.Integer navigationIconTint
androidx.appcompat.widget.AppCompatSpinner: android.widget.SpinnerAdapter mTempAdapter
com.google.android.material.bottomsheet.BottomSheetBehavior$SavedState: boolean skipCollapsed
androidx.recyclerview.widget.DefaultItemAnimator$8: android.view.ViewPropertyAnimator val$newViewAnimation
androidx.core.app.JobIntentService$JobServiceEngineImpl: boolean DEBUG
com.bumptech.glide.load.resource.gif.GifDrawable$GifState: int GRAVITY
androidx.appcompat.app.AppCompatDelegateImpl: boolean mInvalidatePanelMenuPosted
com.google.android.material.datepicker.MaterialDatePicker: android.widget.TextView headerSelectionText
androidx.appcompat.widget.SwitchCompat: android.graphics.Rect mTempRect
com.google.android.material.shadow.ShadowDrawableWrapper: float SHADOW_MULTIPLIER
com.google.android.material.chip.ChipDrawable: float textEndPadding
com.google.android.material.shape.MaterialShapeDrawable: float SHADOW_OFFSET_MULTIPLIER
android.support.v4.app.INotificationSideChannel$Stub$Proxy: android.os.IBinder mRemote
com.google.android.material.transformation.FabTransformationBehavior$2: com.google.android.material.transformation.FabTransformationBehavior this$0
com.google.android.material.tabs.TabLayout$SlidingTabIndicator$1: com.google.android.material.tabs.TabLayout$SlidingTabIndicator this$1
androidx.constraintlayout.widget.ConstraintLayout$LayoutParams: int resolvedRightToLeft
com.google.android.material.timepicker.MaterialTimePicker: android.view.ViewStub textInputStub
androidx.appcompat.view.menu.CascadingMenuPopup$1: androidx.appcompat.view.menu.CascadingMenuPopup this$0
com.google.android.material.chip.ChipDrawable: float iconEndPadding
com.google.android.material.badge.BadgeDrawable$SavedState: int additionalVerticalOffset
androidx.coordinatorlayout.widget.CoordinatorLayout: java.util.List mTempList1
androidx.appcompat.widget.Toolbar: android.content.res.ColorStateList mSubtitleTextColor
com.google.android.material.transition.MaterialContainerTransform$TransitionDrawable: android.graphics.Paint scrimPaint
androidx.appcompat.widget.ActionMenuView$LayoutParams: int extraPixels
com.google.android.material.transition.platform.MaterialContainerTransform: int startViewId
androidx.appcompat.app.AppCompatDelegateImpl$PanelFeatureState$SavedState: boolean isOpen
androidx.appcompat.widget.ActionMenuView$LayoutParams: int cellsUsed
com.google.android.material.snackbar.SnackbarContentLayout: android.widget.Button actionView
com.google.android.material.chip.ChipDrawable: android.content.res.ColorStateList closeIconTint
com.google.android.material.appbar.AppBarLayout$LayoutParams: int SCROLL_FLAG_ENTER_ALWAYS
androidx.recyclerview.widget.ItemTouchHelper$RecoverAnimation: boolean mEnded
com.google.android.material.datepicker.CompositeDateValidator: int COMPARATOR_ALL_ID
com.google.android.material.tabs.TabLayout: int scrollableTabMinWidth
androidx.constraintlayout.motion.widget.MotionLayout: androidx.constraintlayout.motion.widget.MotionLayout$TransitionState mTransitionState
androidx.viewpager.widget.ViewPager: android.view.VelocityTracker mVelocityTracker
com.google.android.material.chip.ChipDrawable: int currentTint