app/mapping.txt
# compiler: R8
# compiler_version: 3.0.76
# min_api: 21
# pg_map_id: 2879c70
# common_typos_disable
com.example.coolweather.ChooseAreaFragment -> com.example.coolweather.ChooseAreaFragment:
    1:1:java.lang.String com.example.coolweather.db.Province.getProvinceName():0:0 -> queryCities
    1:1:void queryCities():0 -> queryCities
    2:2:void queryCities():0:0 -> queryCities
    3:3:org.litepal.crud.ClusterQuery org.litepal.crud.DataSupport.where(java.lang.String[]):0:0 -> queryCities
    3:3:void queryCities():0 -> queryCities
    4:4:void queryCities():0:0 -> queryCities
    5:5:java.util.List org.litepal.crud.ClusterQuery.find(java.lang.Class,boolean):0:0 -> queryCities
    5:5:java.util.List org.litepal.crud.ClusterQuery.find(java.lang.Class):0 -> queryCities
    5:5:void queryCities():0 -> queryCities
    6:6:void queryCities():0:0 -> queryCities
    7:7:java.lang.String com.example.coolweather.db.City.getCityName():0:0 -> queryCities
    7:7:void queryCities():0 -> queryCities
    8:8:void queryCities():0:0 -> queryCities
    9:9:int com.example.coolweather.db.Province.getProvinceCode():0:0 -> queryCities
    9:9:void queryCities():0 -> queryCities
    10:10:void queryCities():0:0 -> queryCities
    11:11:java.util.List org.litepal.crud.ClusterQuery.find(java.lang.Class,boolean):0:0 -> queryCities
    11:11:java.util.List org.litepal.crud.ClusterQuery.find(java.lang.Class):0 -> queryCities
    11:11:void queryCities():0 -> queryCities
    1:1:java.lang.String com.example.coolweather.db.City.getCityName():0:0 -> queryCounties
com.example.coolweather.ChooseAreaFragment$$ExternalSyntheticOutline0 -> com.example.coolweather.a:
    java.lang.String com.example.coolweather.ChooseAreaFragment$$InternalSyntheticOutline$108$1a029b80cc0eaf434c730f1e9ace62c6af11c0fb5c37f9cb7ad3efec12f3f5b2$0.m(java.lang.String,int,java.lang.String,int) -> a
com.example.coolweather.ChooseAreaFragment$1 -> com.example.coolweather.ChooseAreaFragment$1:
    1:1:java.lang.String com.example.coolweather.db.County.getWeatherId():0:0 -> onItemClick
    1:1:void onItemClick(android.widget.AdapterView,android.view.View,int,long):0 -> onItemClick
    2:2:void onItemClick(android.widget.AdapterView,android.view.View,int,long):0:0 -> onItemClick
com.example.coolweather.ChooseAreaFragment$3 -> com.example.coolweather.ChooseAreaFragment$a:
    com.example.coolweather.ChooseAreaFragment this$0 -> b
    java.lang.String val$type -> a
    1:1:okhttp3.ResponseBody okhttp3.Response.body():0:0 -> a
    1:1:void onResponse(okhttp3.Call,okhttp3.Response):0 -> a
    2:2:void onResponse(okhttp3.Call,okhttp3.Response):0:0 -> a
    3:3:boolean com.example.coolweather.util.Utility.handleProvinceResponse(java.lang.String):0:0 -> a
    3:3:void onResponse(okhttp3.Call,okhttp3.Response):0 -> a
    4:4:void com.example.coolweather.db.Province.setProvinceName(java.lang.String):0:0 -> a
    4:4:boolean com.example.coolweather.util.Utility.handleProvinceResponse(java.lang.String):0 -> a
    4:4:void onResponse(okhttp3.Call,okhttp3.Response):0 -> a
    5:5:boolean com.example.coolweather.util.Utility.handleProvinceResponse(java.lang.String):0:0 -> a
    5:5:void onResponse(okhttp3.Call,okhttp3.Response):0 -> a
    6:6:void com.example.coolweather.db.Province.setProvinceCode(int):0:0 -> a
    6:6:boolean com.example.coolweather.util.Utility.handleProvinceResponse(java.lang.String):0 -> a
    6:6:void onResponse(okhttp3.Call,okhttp3.Response):0 -> a
    7:7:boolean com.example.coolweather.util.Utility.handleProvinceResponse(java.lang.String):0:0 -> a
    7:7:void onResponse(okhttp3.Call,okhttp3.Response):0 -> a
    8:8:void onResponse(okhttp3.Call,okhttp3.Response):0:0 -> a
com.example.coolweather.ChooseAreaFragment$3$1 -> com.example.coolweather.ChooseAreaFragment$a$a:
    com.example.coolweather.ChooseAreaFragment$3 this$1 -> b
com.example.coolweather.ChooseAreaFragment$3$2 -> com.example.coolweather.ChooseAreaFragment$a$b:
    com.example.coolweather.ChooseAreaFragment$3 this$1 -> b
...
androidx.viewpager2.widget.ViewPager2$PageAwareAccessibilityProvider -> androidx.viewpager2.widget.ViewPager2$j:
    androidx.recyclerview.widget.RecyclerView$AdapterDataObserver mAdapterDataObserver -> c
    androidx.viewpager2.widget.ViewPager2 this$0 -> d
    androidx.core.view.accessibility.AccessibilityViewCommand mActionPageForward -> a
    androidx.core.view.accessibility.AccessibilityViewCommand mActionPageBackward -> b
    boolean handlesPerformAccessibilityAction(int,android.os.Bundle) -> b
    1:1:void androidx.recyclerview.widget.RecyclerView$Adapter.registerAdapterDataObserver(androidx.recyclerview.widget.RecyclerView$AdapterDataObserver):0:0 -> c
    1:1:void onAttachAdapter(androidx.recyclerview.widget.RecyclerView$Adapter):0 -> c
    1:1:void androidx.recyclerview.widget.RecyclerView$Adapter.unregisterAdapterDataObserver(androidx.recyclerview.widget.RecyclerView$AdapterDataObserver):0:0 -> d
    1:1:void onDetachAdapter(androidx.recyclerview.widget.RecyclerView$Adapter):0 -> d
    java.lang.String onGetAccessibilityClassName() -> e
    1:1:void androidx.core.view.ViewCompat.setImportantForAccessibility(android.view.View,int):0:0 -> f
    1:1:void onInitialize(androidx.viewpager2.widget.CompositeOnPageChangeCallback,androidx.recyclerview.widget.RecyclerView):0 -> f
    2:2:void onInitialize(androidx.viewpager2.widget.CompositeOnPageChangeCallback,androidx.recyclerview.widget.RecyclerView):0:0 -> f
androidx.viewpager2.widget.ViewPager2$PageAwareAccessibilityProvider$1 -> androidx.viewpager2.widget.ViewPager2$j$a:
    androidx.viewpager2.widget.ViewPager2$PageAwareAccessibilityProvider this$1 -> a
    boolean perform(android.view.View,androidx.core.view.accessibility.AccessibilityViewCommand$CommandArguments) -> a
androidx.viewpager2.widget.ViewPager2$PageAwareAccessibilityProvider$2 -> androidx.viewpager2.widget.ViewPager2$j$b:
    androidx.viewpager2.widget.ViewPager2$PageAwareAccessibilityProvider this$1 -> a
    boolean perform(android.view.View,androidx.core.view.accessibility.AccessibilityViewCommand$CommandArguments) -> a
androidx.viewpager2.widget.ViewPager2$PageAwareAccessibilityProvider$3 -> androidx.viewpager2.widget.ViewPager2$j$c:
    androidx.viewpager2.widget.ViewPager2$PageAwareAccessibilityProvider this$1 -> a
    void onChanged() -> a
androidx.viewpager2.widget.ViewPager2$PageTransformer -> androidx.viewpager2.widget.ViewPager2$k:
    void transformPage(android.view.View,float) -> a
androidx.viewpager2.widget.ViewPager2$PagerSnapHelperImpl -> androidx.viewpager2.widget.ViewPager2$l:
    androidx.viewpager2.widget.ViewPager2 this$0 -> e
    android.view.View findSnapView(androidx.recyclerview.widget.RecyclerView$LayoutManager) -> c
androidx.viewpager2.widget.ViewPager2$RecyclerViewImpl -> androidx.viewpager2.widget.ViewPager2$RecyclerViewImpl:
    1:1:boolean androidx.viewpager2.widget.ViewPager2$AccessibilityProvider.handlesRvGetAccessibilityClassName():0:0 -> getAccessibilityClassName
    1:1:java.lang.CharSequence getAccessibilityClassName():0 -> getAccessibilityClassName
    2:2:java.lang.CharSequence getAccessibilityClassName():0:0 -> getAccessibilityClassName
androidx.viewpager2.widget.ViewPager2$SmoothScrollToPosition -> androidx.viewpager2.widget.ViewPager2$m:
    androidx.recyclerview.widget.RecyclerView mRecyclerView -> c
    int mPosition -> b