app/unused.txt
com.example.coolweather.BuildConfig
com.example.coolweather.R$anim
com.example.coolweather.R$animator
com.example.coolweather.R$attr
com.example.coolweather.R$bool
com.example.coolweather.R$color
com.example.coolweather.R$dimen
com.example.coolweather.R$drawable
com.example.coolweather.R$id
com.example.coolweather.R$integer
com.example.coolweather.R$interpolator
com.example.coolweather.R$layout
com.example.coolweather.R$mipmap
com.example.coolweather.R$plurals
com.example.coolweather.R$string
com.example.coolweather.R$style
com.example.coolweather.R$styleable
com.example.coolweather.R$xml
com.example.coolweather.R
com.example.coolweather.db.City:
    public int getProvinceId()
    public void setId(int)
com.example.coolweather.db.County:
    private int id
    public int getCityId()
    public int getId()
    public void setId(int)
com.example.coolweather.db.Province:
    public void setId(int)
com.example.coolweather.gson.AQI$AQICity:
    final synthetic com.example.coolweather.gson.AQI this$0
    public void <init>(com.example.coolweather.gson.AQI)
com.example.coolweather.gson.AQI:
    public void <init>()
com.example.coolweather.gson.Basic$Update:
    final synthetic com.example.coolweather.gson.Basic this$0
    public void <init>(com.example.coolweather.gson.Basic)
com.example.coolweather.gson.Basic:
    public void <init>()
com.example.coolweather.gson.Forecast$More:
    final synthetic com.example.coolweather.gson.Forecast this$0
    public void <init>(com.example.coolweather.gson.Forecast)
com.example.coolweather.gson.Forecast$Temperature:
    final synthetic com.example.coolweather.gson.Forecast this$0
    public void <init>(com.example.coolweather.gson.Forecast)
com.example.coolweather.gson.Now$More:
    final synthetic com.example.coolweather.gson.Now this$0
    public void <init>(com.example.coolweather.gson.Now)
com.example.coolweather.gson.Now:
    public void <init>()
com.example.coolweather.gson.Suggestion$CarWash:
    final synthetic com.example.coolweather.gson.Suggestion this$0
    public void <init>(com.example.coolweather.gson.Suggestion)
com.example.coolweather.gson.Suggestion$Comfort:
    final synthetic com.example.coolweather.gson.Suggestion this$0
    public void <init>(com.example.coolweather.gson.Suggestion)
com.example.coolweather.gson.Suggestion$Sport:
    final synthetic com.example.coolweather.gson.Suggestion this$0
    public void <init>(com.example.coolweather.gson.Suggestion)
com.example.coolweather.gson.Suggestion:
    public void <init>()
com.example.coolweather.util.HttpUtil:
    public void <init>()
com.example.coolweather.util.Utility:
    public void <init>()
com.example.coolweather.WeatherActivity$2:
    public void onRefresh()
com.example.coolweather.db.City:
    public int id
    public int provinceId
    public int getCityCode()
    public java.lang.String getCityName()
    public int getId()
    public void setCityCode(int)
    public void setCityName(java.lang.String)
    public void setProvinceId(int)
com.example.coolweather.db.County:
    public int cityId
    public java.lang.String getCountyName()
    public java.lang.String getWeatherId()
    public void setCityId(int)
    public void setCountyName(java.lang.String)
    public void setWeatherId(java.lang.String)
com.example.coolweather.db.Province:
    public int id
    public int getId()
    public int getProvinceCode()
    public java.lang.String getProvinceName()
    public void setProvinceCode(int)
    public void setProvinceName(java.lang.String)
com.example.coolweather.gson.AQI$AQICity
com.example.coolweather.gson.AQI
com.example.coolweather.gson.Basic$Update
com.example.coolweather.gson.Basic
com.example.coolweather.gson.Forecast$More
com.example.coolweather.gson.Forecast$Temperature
com.example.coolweather.gson.Forecast
com.example.coolweather.gson.Now$More
com.example.coolweather.gson.Now
com.example.coolweather.gson.Suggestion$CarWash
com.example.coolweather.gson.Suggestion$Comfort
...
androidx.lifecycle.LifecycleRegistry:
    public static androidx.lifecycle.LifecycleRegistry createUnsafe(androidx.lifecycle.LifecycleOwner)
    public int getObserverCount()
androidx.lifecycle.Lifecycling$1:
    void <init>(androidx.lifecycle.LifecycleEventObserver)
androidx.lifecycle.Lifecycling:
    private static final int GENERATED_CALLBACK
    private static final int REFLECTIVE_CALLBACK
    private void <init>()
    static androidx.lifecycle.GenericLifecycleObserver getCallback(java.lang.Object)
androidx.lifecycle.LiveData:
    static final int START_VERSION
    public void <init>(java.lang.Object)
    int getVersion()
    public boolean hasObservers()
    protected void postValue(java.lang.Object)
    public void removeObservers(androidx.lifecycle.LifecycleOwner)
androidx.lifecycle.MediatorLiveData$Source
androidx.lifecycle.MediatorLiveData
androidx.lifecycle.MethodCallsLogger:
    public boolean approveCall(java.lang.String,int)
androidx.lifecycle.MutableLiveData:
    public void <init>(java.lang.Object)
    public void postValue(java.lang.Object)
androidx.lifecycle.SavedStateHandle$SavingStateLiveData
androidx.lifecycle.SavedStateHandle:
    private static final java.lang.String KEYS
    private static final java.lang.String VALUES
    public void clearSavedStateProvider(java.lang.String)
    public boolean contains(java.lang.String)
    public java.lang.Object get(java.lang.String)
    public androidx.lifecycle.MutableLiveData getLiveData(java.lang.String)
    public androidx.lifecycle.MutableLiveData getLiveData(java.lang.String,java.lang.Object)
    private androidx.lifecycle.MutableLiveData getLiveDataInternal(java.lang.String,boolean,java.lang.Object)
    public java.util.Set keys()
    public java.lang.Object remove(java.lang.String)
    public void setSavedStateProvider(java.lang.String,androidx.savedstate.SavedStateRegistry$SavedStateProvider)
androidx.lifecycle.SavedStateHandleController:
    static final java.lang.String TAG_SAVED_STATE_HANDLE_CONTROLLER
androidx.lifecycle.SavedStateViewModelFactory:
    public void <init>(android.app.Application,androidx.savedstate.SavedStateRegistryOwner)
androidx.lifecycle.Transformations$1
androidx.lifecycle.Transformations$2$1
androidx.lifecycle.Transformations$2
androidx.lifecycle.Transformations
androidx.lifecycle.ViewModelProvider:
    private static final java.lang.String DEFAULT_KEY
    public void <init>(androidx.lifecycle.ViewModelStoreOwner)
    public void <init>(androidx.lifecycle.ViewModelStoreOwner,androidx.lifecycle.ViewModelProvider$Factory)
androidx.lifecycle.ViewTreeLifecycleOwner:
    private void <init>()
    public static androidx.lifecycle.LifecycleOwner get(android.view.View)
androidx.lifecycle.ViewTreeViewModelStoreOwner:
    private void <init>()
    public static androidx.lifecycle.ViewModelStoreOwner get(android.view.View)
androidx.lifecycle.livedata.R
androidx.lifecycle.livedata.core.R
androidx.lifecycle.runtime.R$id:
    private void <init>()
androidx.lifecycle.runtime.R
androidx.lifecycle.viewmodel.R$id:
    private void <init>()
androidx.lifecycle.viewmodel.R
androidx.lifecycle.viewmodel.savedstate.R$id
androidx.lifecycle.viewmodel.savedstate.R
androidx.loader.R$attr
androidx.loader.R$color
androidx.loader.R$dimen
androidx.loader.R$drawable
androidx.loader.R$id
androidx.loader.R$integer
androidx.loader.R$layout
androidx.loader.R$string
androidx.loader.R$style
androidx.loader.R$styleable
androidx.loader.R
androidx.loader.app.LoaderManager$LoaderCallbacks